<?xml version="1.0" encoding="UTF-8"?>
<!-- Generated by org.testng.reporters.JUnitReportReporter -->
<testsuite hostname="DESKTOP-3C9MO3S" failures="0" tests="1" name="LearningJavaMaven.Stringmaniplition" time="0.007" errors="0" timestamp="2023-03-14T09:44:54 IST" skipped="0">
  <testcase classname="LearningJavaMaven.Stringmaniplition" name="strReverseCheck" time="0.007"/>
  <system-out/>
</testsuite> <!-- LearningJavaMaven.Stringmaniplition -->
