<?xml version="1.0" encoding="UTF-8"?>
<!-- Generated by org.testng.reporters.JUnitReportReporter -->
<testsuite hostname="DESKTOP-3C9MO3S" failures="0" tests="1" name="collectionLearning.ArrayListLearning" time="0.006" errors="0" timestamp="2023-03-16T09:18:17 IST" skipped="0">
  <testcase classname="collectionLearning.ArrayListLearning" name="ArrayListLearning" time="0.006"/>
  <system-out/>
</testsuite> <!-- collectionLearning.ArrayListLearning -->
